[debug] [2021-06-22T18:37:47.684Z] ----------------------------------------------------------------------
[debug] [2021-06-22T18:37:47.687Z] Command:       /usr/local/bin/node /usr/local/bin/firebase serve
[debug] [2021-06-22T18:37:47.687Z] CLI Version:   9.12.1
[debug] [2021-06-22T18:37:47.687Z] Platform:      darwin
[debug] [2021-06-22T18:37:47.687Z] Node Version:  v10.15.3
[debug] [2021-06-22T18:37:47.688Z] Time:          Tue Jun 22 2021 11:37:47 GMT-0700 (Pacific Daylight Time)
[debug] [2021-06-22T18:37:47.688Z] ----------------------------------------------------------------------
[debug] 
[debug] [2021-06-22T18:37:47.702Z] > command requires scopes: ["email","openid","https://www.googleapis.com/auth/cloudplatformprojects.readonly","https://www.googleapis.com/auth/firebase","https://www.googleapis.com/auth/cloud-platform"]
[debug] [2021-06-22T18:37:47.702Z] > authorizing via signed-in user (levieiko@gmail.com)
[debug] [2021-06-22T18:37:47.702Z] [iam] checking project prana-wellness for permissions ["firebase.projects.get"]
[debug] [2021-06-22T18:37:47.704Z] > refreshing access token with scopes: ["email","https://www.googleapis.com/auth/cloud-platform","https://www.googleapis.com/auth/cloudplatformprojects.readonly","https://www.googleapis.com/auth/firebase","openid"]
[debug] [2021-06-22T18:37:47.705Z] >>> HTTP REQUEST POST https://www.googleapis.com/oauth2/v3/token  
 <request body omitted>
[debug] [2021-06-22T18:37:47.886Z] <<< HTTP RESPONSE 200 {"expires":"Mon, 01 Jan 1990 00:00:00 GMT","cache-control":"no-cache, no-store, max-age=0, must-revalidate","date":"Tue, 22 Jun 2021 18:37:47 GMT","pragma":"no-cache","content-type":"application/json; charset=utf-8","vary":"X-Origin, Referer, Origin,Accept-Encoding","server":"scaffolding on HTTPServer2","x-xss-protection":"0","x-frame-options":"SAMEORIGIN","x-content-type-options":"nosniff","alt-svc":"h3=\":443\"; ma=2592000,h3-29=\":443\"; ma=2592000,h3-T051=\":443\"; ma=2592000,h3-Q050=\":443\"; ma=2592000,h3-Q046=\":443\"; ma=2592000,h3-Q043=\":443\"; ma=2592000,quic=\":443\"; ma=2592000; v=\"46,43\"","accept-ranges":"none","transfer-encoding":"chunked"}
[debug] [2021-06-22T18:37:47.925Z] >>> HTTP REQUEST POST https://cloudresourcemanager.googleapis.com/v1/projects/prana-wellness:testIamPermissions  
 {"permissions":["firebase.projects.get"]}
[debug] [2021-06-22T18:37:48.203Z] <<< HTTP RESPONSE 200 {"content-type":"application/json; charset=UTF-8","vary":"X-Origin, Referer, Origin,Accept-Encoding","date":"Tue, 22 Jun 2021 18:37:48 GMT","server":"ESF","cache-control":"private","x-xss-protection":"0","x-frame-options":"SAMEORIGIN","x-content-type-options":"nosniff","server-timing":"gfet4t7; dur=184","alt-svc":"h3=\":443\"; ma=2592000,h3-29=\":443\"; ma=2592000,h3-T051=\":443\"; ma=2592000,h3-Q050=\":443\"; ma=2592000,h3-Q046=\":443\"; ma=2592000,h3-Q043=\":443\"; ma=2592000,quic=\":443\"; ma=2592000; v=\"46,43\"","accept-ranges":"none","transfer-encoding":"chunked"}
[debug] [2021-06-22T18:37:48.206Z] > refreshing access token with scopes: []
[debug] [2021-06-22T18:37:48.207Z] >>> HTTP REQUEST POST https://www.googleapis.com/oauth2/v3/token  
 <request body omitted>
[debug] [2021-06-22T18:37:48.320Z] <<< HTTP RESPONSE 200 {"pragma":"no-cache","cache-control":"no-cache, no-store, max-age=0, must-revalidate","expires":"Mon, 01 Jan 1990 00:00:00 GMT","date":"Tue, 22 Jun 2021 18:37:48 GMT","content-type":"application/json; charset=utf-8","vary":"X-Origin, Referer, Origin,Accept-Encoding","server":"scaffolding on HTTPServer2","x-xss-protection":"0","x-frame-options":"SAMEORIGIN","x-content-type-options":"nosniff","alt-svc":"h3=\":443\"; ma=2592000,h3-29=\":443\"; ma=2592000,h3-T051=\":443\"; ma=2592000,h3-Q050=\":443\"; ma=2592000,h3-Q046=\":443\"; ma=2592000,h3-Q043=\":443\"; ma=2592000,quic=\":443\"; ma=2592000; v=\"46,43\"","accept-ranges":"none","transfer-encoding":"chunked"}
[debug] [2021-06-22T18:37:48.358Z] >>> [apiv2][query] GET https://firebase.googleapis.com/v1beta1/projects/prana-wellness [none]
[debug] [2021-06-22T18:37:48.537Z] <<< [apiv2][status] GET https://firebase.googleapis.com/v1beta1/projects/prana-wellness 200
[debug] [2021-06-22T18:37:48.537Z] <<< [apiv2][body] GET https://firebase.googleapis.com/v1beta1/projects/prana-wellness {"projectId":"prana-wellness","projectNumber":"924601017843","displayName":"prana-wellness","name":"projects/prana-wellness","resources":{"hostingSite":"prana-wellness","realtimeDatabaseInstance":"prana-wellness","storageBucket":"prana-wellness.appspot.com","locationId":"us-west2"},"state":"ACTIVE"}
[info] 
[info] === Serving from '/Users/Levi/Desktop/website/pranawellnessworks'...
[info] 
[debug] [2021-06-22T18:37:48.539Z] >>> [apiv2][query] GET https://firebasehosting.googleapis.com/v1beta1/projects/prana-wellness/sites 
[debug] [2021-06-22T18:37:48.982Z] <<< [apiv2][status] GET https://firebasehosting.googleapis.com/v1beta1/projects/prana-wellness/sites 200
[debug] [2021-06-22T18:37:48.983Z] <<< [apiv2][body] GET https://firebasehosting.googleapis.com/v1beta1/projects/prana-wellness/sites {"sites":[{"name":"projects/924601017843/sites/prana-wellness","defaultUrl":"https://prana-wellness.web.app","appId":"1:924601017843:web:9c7ded628815ff9a621e86","type":"DEFAULT_SITE"}]}
[debug] [2021-06-22T18:37:48.983Z] >>> [apiv2][query] GET https://firebase.googleapis.com/v1beta1/projects/prana-wellness/webApps/1:924601017843:web:9c7ded628815ff9a621e86/config [none]
[debug] [2021-06-22T18:37:49.400Z] <<< [apiv2][status] GET https://firebase.googleapis.com/v1beta1/projects/prana-wellness/webApps/1:924601017843:web:9c7ded628815ff9a621e86/config 200
[debug] [2021-06-22T18:37:49.401Z] <<< [apiv2][body] GET https://firebase.googleapis.com/v1beta1/projects/prana-wellness/webApps/1:924601017843:web:9c7ded628815ff9a621e86/config {"projectId":"prana-wellness","appId":"1:924601017843:web:9c7ded628815ff9a621e86","databaseURL":"https://prana-wellness.firebaseio.com","storageBucket":"prana-wellness.appspot.com","locationId":"us-west2","apiKey":"AIzaSyCymN4c-jrMAfSBnFNK3QwVTiNsWrLIR_s","authDomain":"prana-wellness.firebaseapp.com","messagingSenderId":"924601017843","measurementId":"G-R6WDZLBHB3"}
[info] i  hosting: Serving hosting files from: public {"metadata":{"emulator":{"name":"hosting"},"message":"Serving hosting files from: \u001b[1mpublic\u001b[22m"}}
[info] ✔  hosting: Local server: http://localhost:5000 {"metadata":{"emulator":{"name":"hosting"},"message":"Local server: \u001b[4m\u001b[1mhttp://localhost:5000\u001b[22m\u001b[24m"}}
[info] i  hosting: 127.0.0.1 - - [22/Jun/2021:18:51:02 +0000] "GET / HTTP/1.1" 200 1721 "-" "Mozilla/5.0 (Macintosh; Intel Mac OS X 10_13_6) AppleWebKit/537.36 (KHTML, like Gecko) Chrome/91.0.4472.114 Safari/537.36" {"metadata":{"emulator":{"name":"hosting"},"message":"127.0.0.1 - - [22/Jun/2021:18:51:02 +0000] \"GET / HTTP/1.1\" 200 1721 \"-\" \"Mozilla/5.0 (Macintosh; Intel Mac OS X 10_13_6) AppleWebKit/537.36 (KHTML, like Gecko) Chrome/91.0.4472.114 Safari/537.36\""}}
[info] i  hosting: 127.0.0.1 - - [22/Jun/2021:18:51:02 +0000] "GET /%PUBLIC_URL%/favicon.ico HTTP/1.1" 500 - "http://localhost:5000/" "Mozilla/5.0 (Macintosh; Intel Mac OS X 10_13_6) AppleWebKit/537.36 (KHTML, like Gecko) Chrome/91.0.4472.114 Safari/537.36" {"metadata":{"emulator":{"name":"hosting"},"message":"127.0.0.1 - - [22/Jun/2021:18:51:02 +0000] \"GET /%PUBLIC_URL%/favicon.ico HTTP/1.1\" 500 - \"http://localhost:5000/\" \"Mozilla/5.0 (Macintosh; Intel Mac OS X 10_13_6) AppleWebKit/537.36 (KHTML, like Gecko) Chrome/91.0.4472.114 Safari/537.36\""}}
[info] i  hosting: 127.0.0.1 - - [22/Jun/2021:18:51:02 +0000] "GET /%PUBLIC_URL%/manifest.json HTTP/1.1" 500 - "http://localhost:5000/" "Mozilla/5.0 (Macintosh; Intel Mac OS X 10_13_6) AppleWebKit/537.36 (KHTML, like Gecko) Chrome/91.0.4472.114 Safari/537.36" {"metadata":{"emulator":{"name":"hosting"},"message":"127.0.0.1 - - [22/Jun/2021:18:51:02 +0000] \"GET /%PUBLIC_URL%/manifest.json HTTP/1.1\" 500 - \"http://localhost:5000/\" \"Mozilla/5.0 (Macintosh; Intel Mac OS X 10_13_6) AppleWebKit/537.36 (KHTML, like Gecko) Chrome/91.0.4472.114 Safari/537.36\""}}
